<?xml version="1.0" encoding="UTF-8"?>
<!-- Generated by org.testng.reporters.JUnitReportReporter -->
<testsuite hostname="MIIND51N15S2" failures="0" tests="1" name="com.qa.rest.tests.GetCallBDD" time="6.314" errors="0" timestamp="2021-11-07T14:19:49 IST" skipped="0">
  <testcase classname="com.qa.rest.tests.GetCallBDD" name="test_numberOfCircuitsFor2017_Season" time="6.314"/>
  <system-out/>
</testsuite> <!-- com.qa.rest.tests.GetCallBDD -->
